[37maxconfig-gen[0m [90m/Users/anekoique/ProjectX/xam/xconfig/configs/defconfig.toml /Users/anekoique/ProjectX/xam/xconfig/configs/platforms/riscv64-qemu-virt.toml -w arch=riscv64 -w platform=riscv64-qemu-virt -o "/Users/anekoique/ProjectX/xam/.axconfig.toml" -c "/Users/anekoique/ProjectX/xam/.axconfig.toml"[0m
[37mcargo build[0m [90m--manifest-path /Users/anekoique/ProjectX/xam/Cargo.toml -Z unstable-options --target riscv64gc-unknown-none-elf --release [0m
Dhrystone Benchmark, Version C, Version 2.2
Trying 500000 runs through Dhrystone.
Finished in 119 ms
==================================================
Dhrystone PASS         7402 Marks
                   vs. 100000 Marks (i7-7700K @ 4.20GHz)
[37maxconfig-gen[0m [90m/Users/anekoique/ProjectX/xam/xconfig/configs/defconfig.toml /Users/anekoique/ProjectX/xam/xconfig/configs/platforms/riscv64-qemu-virt.toml -w arch=riscv64 -w platform=riscv64-qemu-virt -o "/Users/anekoique/ProjectX/xam/.axconfig.toml" -c "/Users/anekoique/ProjectX/xam/.axconfig.toml"[0m
[37mcargo build[0m [90m--manifest-path /Users/anekoique/ProjectX/xam/Cargo.toml -Z unstable-options --target riscv64gc-unknown-none-elf --release [0m
Dhrystone Benchmark, Version C, Version 2.2
Trying 500000 runs through Dhrystone.
Finished in 117 ms
==================================================
Dhrystone PASS         7529 Marks
                   vs. 100000 Marks (i7-7700K @ 4.20GHz)
[37maxconfig-gen[0m [90m/Users/anekoique/ProjectX/xam/xconfig/configs/defconfig.toml /Users/anekoique/ProjectX/xam/xconfig/configs/platforms/riscv64-qemu-virt.toml -w arch=riscv64 -w platform=riscv64-qemu-virt -o "/Users/anekoique/ProjectX/xam/.axconfig.toml" -c "/Users/anekoique/ProjectX/xam/.axconfig.toml"[0m
[37mcargo build[0m [90m--manifest-path /Users/anekoique/ProjectX/xam/Cargo.toml -Z unstable-options --target riscv64gc-unknown-none-elf --release [0m
Dhrystone Benchmark, Version C, Version 2.2
Trying 500000 runs through Dhrystone.
Finished in 117 ms
==================================================
Dhrystone PASS         7529 Marks
                   vs. 100000 Marks (i7-7700K @ 4.20GHz)
